[    0.000000] Linux version 4.15.0-70-generic (buildd@lgw01-amd64-055) (gcc version 7.4.0 (Ubuntu 7.4.0-1ubuntu1~18.04.1)) #79-Ubuntu SMP Tue Nov 12 10:36:11 UTC 2019 (Ubuntu 4.15.0-70.79-generic 4.15.18)
[    0.000000] Command line: BOOT_IMAGE=/boot/vmlinuz-4.15.0-70-generic root=LABEL=cloudimg-rootfs ro console=tty1 console=ttyS0
[    0.000000] KERNEL supported cpus:
[    0.000000]   Intel GenuineIntel
[    0.000000]   AMD AuthenticAMD
[    0.000000]   Centaur CentaurHauls
[    0.000000] x86/fpu: Supporting XSAVE feature 0x001: 'x87 floating point registers'
[    0.000000] x86/fpu: Supporting XSAVE feature 0x002: 'SSE registers'
[    0.000000] x86/fpu: Supporting XSAVE feature 0x004: 'AVX registers'
[    0.000000] x86/fpu: xstate_offset[2]:  576, xstate_sizes[2]:  256
[    0.000000] x86/fpu: Enabled xstate features 0x7, context size is 832 bytes, using 'standard' format.
[    0.000000] e820: BIOS-provided physical RAM map:
[    0.000000] BIOS-e820: [mem 0x0000000000000000-0x000000000009fbff] usable
[    0.000000] BIOS-e820: [mem 0x000000000009fc00-0x000000000009ffff] reserved
[    0.000000] BIOS-e820: [mem 0x00000000000f0000-0x00000000000fffff] reserved
[    0.000000] BIOS-e820: [mem 0x0000000000100000-0x000000003ffeffff] usable
[    0.000000] BIOS-e820: [mem 0x000000003fff0000-0x000000003fffffff] ACPI data
[    0.000000] BIOS-e820: [mem 0x00000000fec00000-0x00000000fec00fff] reserved
[    0.000000] BIOS-e820: [mem 0x00000000fee00000-0x00000000fee00fff] reserved
[    0.000000] BIOS-e820: [mem 0x00000000fffc0000-0x00000000ffffffff] reserved
[    0.000000] NX (Execute Disable) protection: active
[    0.000000] SMBIOS 2.5 present.
[    0.000000] DMI: innotek GmbH VirtualBox/VirtualBox, BIOS VirtualBox 12/01/2006
[    0.000000] Hypervisor detected: KVM
[    0.000000] e820: last_pfn = 0x3fff0 max_arch_pfn = 0x400000000
[    0.000000] MTRR: Disabled
[    0.000000] x86/PAT: MTRRs disabled, skipping PAT initialization too.
[    0.000000] CPU MTRRs all blank - virtualized system.
[    0.000000] x86/PAT: Configuration [0-7]: WB  WT  UC- UC  WB  WT  UC- UC  
[    0.000000] found SMP MP-table at [mem 0x0009fff0-0x0009ffff]
[    0.000000] Scanning 1 areas for low memory corruption
[    0.000000] RAMDISK: [mem 0x35a89000-0x36d3bfff]
[    0.000000] ACPI: Early table checksum verification disabled
[    0.000000] ACPI: RSDP 0x00000000000E0000 000024 (v02 VBOX  )
[    0.000000] ACPI: XSDT 0x000000003FFF0030 00003C (v01 VBOX   VBOXXSDT 00000001 ASL  00000061)
[    0.000000] ACPI: FACP 0x000000003FFF00F0 0000F4 (v04 VBOX   VBOXFACP 00000001 ASL  00000061)
[    0.000000] ACPI: DSDT 0x000000003FFF0470 0022EA (v02 VBOX   VBOXBIOS 00000002 INTL 20100528)
[    0.000000] ACPI: FACS 0x000000003FFF0200 000040
[    0.000000] ACPI: FACS 0x000000003FFF0200 000040
[    0.000000] ACPI: APIC 0x000000003FFF0240 00005C (v02 VBOX   VBOXAPIC 00000001 ASL  00000061)
[    0.000000] ACPI: SSDT 0x000000003FFF02A0 0001CC (v01 VBOX   VBOXCPUT 00000002 INTL 20100528)
[    0.000000] No NUMA configuration found
[    0.000000] Faking a node at [mem 0x0000000000000000-0x000000003ffeffff]
[    0.000000] NODE_DATA(0) allocated [mem 0x3ffc5000-0x3ffeffff]
[    0.000000] kvm-clock: cpu 0, msr 0:3ff44001, primary cpu clock
[    0.000000] kvm-clock: Using msrs 4b564d01 and 4b564d00
[    0.000000] kvm-clock: using sched offset of 5595872703 cycles
[    0.000000] clocksource: kvm-clock: mask: 0xffffffffffffffff max_cycles: 0x1cd42e4dffb, max_idle_ns: 881590591483 ns
[    0.000000] Zone ranges:
[    0.000000]   DMA      [mem 0x0000000000001000-0x0000000000ffffff]
[    0.000000]   DMA32    [mem 0x0000000001000000-0x000000003ffeffff]
[    0.000000]   Normal   empty
[    0.000000]   Device   empty
[    0.000000] Movable zone start for each node
[    0.000000] Early memory node ranges
[    0.000000]   node   0: [mem 0x0000000000001000-0x000000000009efff]
[    0.000000]   node   0: [mem 0x0000000000100000-0x000000003ffeffff]
[    0.000000] Reserved but unavailable: 98 pages
[    0.000000] Initmem setup node 0 [mem 0x0000000000001000-0x000000003ffeffff]
[    0.000000] ACPI: PM-Timer IO Port: 0x4008
[    0.000000] IOAPIC[0]: apic_id 2, version 32, address 0xfec00000, GSI 0-23
[    0.000000] ACPI: INT_SRC_OVR (bus 0 bus_irq 0 global_irq 2 dfl dfl)
[    0.000000] ACPI: INT_SRC_OVR (bus 0 bus_irq 9 global_irq 9 low level)
[    0.000000] Using ACPI (MADT) for SMP configuration information
[    0.000000] smpboot: Allowing 2 CPUs, 0 hotplug CPUs
[    0.000000] PM: Registered nosave memory: [mem 0x00000000-0x00000fff]
[    0.000000] PM: Registered nosave memory: [mem 0x0009f000-0x0009ffff]
[    0.000000] PM: Registered nosave memory: [mem 0x000a0000-0x000effff]
[    0.000000] PM: Registered nosave memory: [mem 0x000f0000-0x000fffff]
[    0.000000] e820: [mem 0x40000000-0xfebfffff] available for PCI devices
[    0.000000] Booting paravirtualized kernel on KVM
[    0.000000] clocksource: refined-jiffies: mask: 0xffffffff max_cycles: 0xffffffff, max_idle_ns: 7645519600211568 ns
[    0.000000] random: get_random_bytes called from start_kernel+0x99/0x4fd with crng_init=0
[    0.000000] setup_percpu: NR_CPUS:8192 nr_cpumask_bits:2 nr_cpu_ids:2 nr_node_ids:1
[    0.000000] percpu: Embedded 45 pages/cpu s147456 r8192 d28672 u1048576
[    0.000000] PV qspinlock hash table entries: 256 (order: 0, 4096 bytes)
[    0.000000] Built 1 zonelists, mobility grouping on.  Total pages: 257913
[    0.000000] Policy zone: DMA32
[    0.000000] Kernel command line: BOOT_IMAGE=/boot/vmlinuz-4.15.0-70-generic root=LABEL=cloudimg-rootfs ro console=tty1 console=ttyS0
[    0.000000] Memory: 983440K/1048120K available (12300K kernel code, 2481K rwdata, 4264K rodata, 2432K init, 2388K bss, 64680K reserved, 0K cma-reserved)
[    0.000000] SLUB: HWalign=64, Order=0-3, MinObjects=0, CPUs=2, Nodes=1
[    0.000000] Kernel/User page tables isolation: enabled
[    0.000000] ftrace: allocating 39315 entries in 154 pages
[    0.004000] Hierarchical RCU implementation.
[    0.004000] 	RCU restricting CPUs from NR_CPUS=8192 to nr_cpu_ids=2.
[    0.004000] 	Tasks RCU enabled.
[    0.004000] RCU: Adjusting geometry for rcu_fanout_leaf=16, nr_cpu_ids=2
[    0.004000] NR_IRQS: 524544, nr_irqs: 440, preallocated irqs: 16
[    0.004000] Console: colour VGA+ 80x25
[    0.004000] console [tty1] enabled
[    0.004000] console [ttyS0] enabled
[    0.004000] ACPI: Core revision 20170831
[    0.004000] ACPI: 2 ACPI AML tables successfully acquired and loaded
[    0.004000] APIC: Switch to symmetric I/O mode setup
[    0.004000] x2apic enabled
[    0.004008] Switched APIC routing to physical x2apic.
[    0.008000] ..TIMER: vector=0x30 apic1=0 pin1=2 apic2=-1 pin2=-1
[    0.008006] tsc: Detected 1900.000 MHz processor
[    0.012016] Calibrating delay loop (skipped) preset value.. 3800.00 BogoMIPS (lpj=7600000)
[    0.015050] pid_max: default: 32768 minimum: 301
[    0.016050] Security Framework initialized
[    0.018021] Yama: becoming mindful.
[    0.020042] AppArmor: AppArmor initialized
[    0.024000] Dentry cache hash table entries: 131072 (order: 8, 1048576 bytes)
[    0.024105] Inode-cache hash table entries: 65536 (order: 7, 524288 bytes)
[    0.028035] Mount-cache hash table entries: 2048 (order: 2, 16384 bytes)
[    0.032017] Mountpoint-cache hash table entries: 2048 (order: 2, 16384 bytes)
[    0.036334] Last level iTLB entries: 4KB 1024, 2MB 1024, 4MB 1024
[    0.040005] Last level dTLB entries: 4KB 1024, 2MB 1024, 4MB 1024, 1GB 4
[    0.042510] Spectre V1 : Mitigation: usercopy/swapgs barriers and __user pointer sanitization
[    0.044007] Spectre V2 : Mitigation: Full generic retpoline
[    0.048005] Spectre V2 : Spectre v2 / SpectreRSB mitigation: Filling RSB on context switch
[    0.050977] Speculative Store Bypass: Vulnerable
[    0.052070] MDS: Vulnerable: Clear CPU buffers attempted, no microcode
[    0.056200] Freeing SMP alternatives memory: 36K
[    0.169431] smpboot: CPU0: Intel(R) Core(TM) i5-4250U CPU @ 1.30GHz (family: 0x6, model: 0x45, stepping: 0x1)
[    0.172152] Performance Events: unsupported p6 CPU model 69 no PMU driver, software events only.
[    0.176210] Hierarchical SRCU implementation.
[    0.181086] NMI watchdog: Perf event create on CPU 0 failed with -2
[    0.184010] NMI watchdog: Perf NMI watchdog permanently disabled
[    0.188099] smp: Bringing up secondary CPUs ...
[    0.190518] x86: Booting SMP configuration:
[    0.192006] .... node  #0, CPUs:      #1
[    0.004000] kvm-clock: cpu 1, msr 0:3ff44041, secondary cpu clock
[    0.200083] smp: Brought up 1 node, 2 CPUs
[    0.202164] smpboot: Max logical packages: 1
[    0.204014] smpboot: Total of 2 processors activated (7600.00 BogoMIPS)
[    0.208250] devtmpfs: initialized
[    0.212107] x86/mm: Memory block size: 128MB
[    0.214966] evm: security.selinux
[    0.216008] evm: security.SMACK64
[    0.218077] evm: security.SMACK64EXEC
[    0.220008] evm: security.SMACK64TRANSMUTE
[    0.224006] evm: security.SMACK64MMAP
[    0.228007] evm: security.apparmor
[    0.230710] evm: security.ima
[    0.232005] evm: security.capability
[    0.236328] clocksource: jiffies: mask: 0xffffffff max_cycles: 0xffffffff, max_idle_ns: 7645041785100000 ns
[    0.240015] futex hash table entries: 512 (order: 3, 32768 bytes)
[    0.251696] pinctrl core: initialized pinctrl subsystem
[    0.252639] RTC time: 20:24:35, date: 01/25/20
[    0.256689] NET: Registered protocol family 16
[    0.260194] audit: initializing netlink subsys (disabled)
[    0.268196] audit: type=2000 audit(1579983881.990:1): state=initialized audit_enabled=0 res=1
[    0.272221] cpuidle: using governor ladder
[    0.276021] cpuidle: using governor menu
[    0.280265] ACPI: bus type PCI registered
[    0.284005] acpiphp: ACPI Hot Plug PCI Controller Driver version: 0.5
[    0.288548] PCI: Using configuration type 1 for base access
[    0.296198] HugeTLB registered 2.00 MiB page size, pre-allocated 0 pages
[    0.304103] ACPI: Added _OSI(Module Device)
[    0.307962] ACPI: Added _OSI(Processor Device)
[    0.308019] ACPI: Added _OSI(3.0 _SCP Extensions)
[    0.312007] ACPI: Added _OSI(Processor Aggregator Device)
[    0.316006] ACPI: Added _OSI(Linux-Dell-Video)
[    0.320005] ACPI: Added _OSI(Linux-Lenovo-NV-HDMI-Audio)
[    0.322562] ACPI: Added _OSI(Linux-HPI-Hybrid-Graphics)
[    0.324697] ACPI: Executed 1 blocks of module-level executable AML code
[    0.335128] ACPI: Interpreter enabled
[    0.336018] ACPI: (supports S0 S5)
[    0.337599] ACPI: Using IOAPIC for interrupt routing
[    0.340307] PCI: Using host bridge windows from ACPI; if necessary, use "pci=nocrs" and report a bug
[    0.344363] ACPI: Enabled 2 GPEs in block 00 to 07
[    0.358228] ACPI: PCI Root Bridge [PCI0] (domain 0000 [bus 00-ff])
[    0.360011] acpi PNP0A03:00: _OSC: OS supports [ASPM ClockPM Segments MSI]
[    0.364017] acpi PNP0A03:00: _OSC: not requesting OS control; OS requires [ExtendedConfig ASPM ClockPM MSI]
[    0.368015] acpi PNP0A03:00: fail to add MMCONFIG information, can't access extended PCI configuration space under this bridge.
[    0.372763] PCI host bridge to bus 0000:00
[    0.374551] pci_bus 0000:00: root bus resource [io  0x0000-0x0cf7 window]
[    0.376005] pci_bus 0000:00: root bus resource [io  0x0d00-0xffff window]
[    0.380003] pci_bus 0000:00: root bus resource [mem 0x000a0000-0x000bffff window]
[    0.382845] pci_bus 0000:00: root bus resource [mem 0x40000000-0xfdffffff window]
[    0.384003] pci_bus 0000:00: root bus resource [bus 00-ff]
[    0.394037] pci 0000:00:01.1: legacy IDE quirk: reg 0x10: [io  0x01f0-0x01f7]
[    0.396010] pci 0000:00:01.1: legacy IDE quirk: reg 0x14: [io  0x03f6]
[    0.400011] pci 0000:00:01.1: legacy IDE quirk: reg 0x18: [io  0x0170-0x0177]
[    0.404008] pci 0000:00:01.1: legacy IDE quirk: reg 0x1c: [io  0x0376]
[    0.441650] pci 0000:00:07.0: quirk: [io  0x4000-0x403f] claimed by PIIX4 ACPI
[    0.444052] pci 0000:00:07.0: quirk: [io  0x4100-0x410f] claimed by PIIX4 SMB
[    0.460515] ACPI: PCI Interrupt Link [LNKA] (IRQs 5 9 10 *11)
[    0.464201] ACPI: PCI Interrupt Link [LNKB] (IRQs 5 9 *10 11)
[    0.467083] ACPI: PCI Interrupt Link [LNKC] (IRQs 5 *9 10 11)
[    0.468461] ACPI: PCI Interrupt Link [LNKD] (IRQs 5 9 10 *11)
[    0.472847] SCSI subsystem initialized
[    0.476112] pci 0000:00:02.0: vgaarb: setting as boot VGA device
[    0.479672] pci 0000:00:02.0: vgaarb: VGA device added: decodes=io+mem,owns=io+mem,locks=none
[    0.480010] pci 0000:00:02.0: vgaarb: bridge control possible
[    0.484005] vgaarb: loaded
[    0.488087] ACPI: bus type USB registered
[    0.489878] usbcore: registered new interface driver usbfs
[    0.492026] usbcore: registered new interface driver hub
[    0.494064] usbcore: registered new device driver usb
[    0.496099] EDAC MC: Ver: 3.0.0
[    0.500263] PCI: Using ACPI for IRQ routing
[    0.503223] NetLabel: Initializing
[    0.504008] NetLabel:  domain hash size = 128
[    0.506012] NetLabel:  protocols = UNLABELED CIPSOv4 CALIPSO
[    0.508038] NetLabel:  unlabeled traffic allowed by default
[    0.512127] clocksource: Switched to clocksource kvm-clock
[    0.536862] VFS: Disk quotas dquot_6.6.0
[    0.539757] VFS: Dquot-cache hash table entries: 512 (order 0, 4096 bytes)
[    0.544743] AppArmor: AppArmor Filesystem Enabled
[    0.547258] pnp: PnP ACPI init
[    0.550558] pnp: PnP ACPI: found 3 devices
[    0.565848] clocksource: acpi_pm: mask: 0xffffff max_cycles: 0xffffff, max_idle_ns: 2085701024 ns
[    0.570031] NET: Registered protocol family 2
[    0.572792] TCP established hash table entries: 8192 (order: 4, 65536 bytes)
[    0.577829] TCP bind hash table entries: 8192 (order: 5, 131072 bytes)
[    0.586478] TCP: Hash tables configured (established 8192 bind 8192)
[    0.592020] UDP hash table entries: 512 (order: 2, 16384 bytes)
[    0.595766] UDP-Lite hash table entries: 512 (order: 2, 16384 bytes)
[    0.601387] NET: Registered protocol family 1
[    0.605827] pci 0000:00:00.0: Limiting direct PCI/PCI transfers
[    0.609310] pci 0000:00:01.0: Activating ISA DMA hang workarounds
[    0.617310] pci 0000:00:02.0: Video device with shadowed ROM at [mem 0x000c0000-0x000dffff]
[    0.623252] Unpacking initramfs...
[    1.169357] Freeing initrd memory: 19148K
[    1.171494] clocksource: tsc: mask: 0xffffffffffffffff max_cycles: 0x36c657b5833, max_idle_ns: 881590513399 ns
[    1.176550] platform rtc_cmos: registered platform RTC device (no PNP device found)
[    1.179607] Scanning for low memory corruption every 60 seconds
[    1.183431] Initialise system trusted keyrings
[    1.185613] Key type blacklist registered
[    1.187598] workingset: timestamp_bits=36 max_order=18 bucket_order=0
[    1.191379] zbud: loaded
[    1.193401] squashfs: version 4.0 (2009/01/31) Phillip Lougher
[    1.196621] fuse init (API version 7.26)
[    1.203731] Key type asymmetric registered
[    1.206023] Asymmetric key parser 'x509' registered
[    1.208561] Block layer SCSI generic (bsg) driver version 0.4 loaded (major 246)
[    1.211584] io scheduler noop registered
[    1.213303] io scheduler deadline registered
[    1.215070] io scheduler cfq registered (default)
[    1.218276] ACPI: AC Adapter [AC] (on-line)
[    1.220052] input: Power Button as /devices/LNXSYSTM:00/LNXPWRBN:00/input/input0
[    1.223395] ACPI: Power Button [PWRF]
[    1.225262] input: Sleep Button as /devices/LNXSYSTM:00/LNXSLPBN:00/input/input1
[    1.229691] ACPI: Sleep Button [SLPF]
[    1.232361] Serial: 8250/16550 driver, 32 ports, IRQ sharing enabled
[    1.257170] 00:02: ttyS0 at I/O 0x3f8 (irq = 4, base_baud = 115200) is a 16550A
[    1.262628] Linux agpgart interface v0.103
[    1.265920] ACPI: Battery Slot [BAT0] (battery present)
[    1.266498] loop: module loaded
[    1.271091] scsi host0: ata_piix
[    1.273514] scsi host1: ata_piix
[    1.275308] ata1: PATA max UDMA/33 cmd 0x1f0 ctl 0x3f6 bmdma 0xd000 irq 14
[    1.277944] ata2: PATA max UDMA/33 cmd 0x170 ctl 0x376 bmdma 0xd008 irq 15
[    1.280806] libphy: Fixed MDIO Bus: probed
[    1.282912] tun: Universal TUN/TAP device driver, 1.6
[    1.285498] PPP generic driver version 2.4.2
[    1.287805] ehci_hcd: USB 2.0 'Enhanced' Host Controller (EHCI) Driver
[    1.290994] ehci-pci: EHCI PCI platform driver
[    1.293543] ehci-platform: EHCI generic platform driver
[    1.297185] ohci_hcd: USB 1.1 'Open' Host Controller (OHCI) Driver
[    1.299990] ohci-pci: OHCI PCI platform driver
[    1.302602] ohci-platform: OHCI generic platform driver
[    1.306436] uhci_hcd: USB Universal Host Controller Interface driver
[    1.310258] i8042: PNP: PS/2 Controller [PNP0303:PS2K,PNP0f03:PS2M] at 0x60,0x64 irq 1,12
[    1.315559] serio: i8042 KBD port at 0x60,0x64 irq 1
[    1.318791] serio: i8042 AUX port at 0x60,0x64 irq 12
[    1.322184] mousedev: PS/2 mouse device common for all mice
[    1.326054] input: AT Translated Set 2 keyboard as /devices/platform/i8042/serio0/input/input2
[    1.330506] rtc_cmos rtc_cmos: rtc core: registered rtc_cmos as rtc0
[    1.333409] rtc_cmos rtc_cmos: alarms up to one day, 114 bytes nvram
[    1.337876] i2c /dev entries driver
[    1.339450] device-mapper: uevent: version 1.0.3
[    1.341554] device-mapper: ioctl: 4.37.0-ioctl (2017-09-20) initialised: dm-devel@redhat.com
[    1.346132] ledtrig-cpu: registered to indicate activity on CPUs
[    1.357091] NET: Registered protocol family 10
[    1.368956] Segment Routing with IPv6
[    1.371326] NET: Registered protocol family 17
[    1.373981] Key type dns_resolver registered
[    1.376856] mce: Using 0 MCE banks
[    1.378858] RAS: Correctable Errors collector initialized.
[    1.381698] sched_clock: Marking stable (1381654957, 0)->(1736025036, -354370079)
[    1.386555] registered taskstats version 1
[    1.390399] Loading compiled-in X.509 certificates
[    1.395917] Loaded X.509 cert 'Build time autogenerated kernel key: 1859b0531897959199376c446a0bd70df75fd1fc'
[    1.407837] zswap: loaded using pool lzo/zbud
[    1.432573] Key type big_key registered
[    1.436524] Key type trusted registered
[    1.458996] Key type encrypted registered
[    1.462577] AppArmor: AppArmor sha1 policy hashing enabled
[    1.467017] ima: No TPM chip found, activating TPM-bypass! (rc=-19)
[    1.472870] ima: Allocated hash algorithm: sha1
[    1.477299] evm: HMAC attrs: 0x1
[    1.480694]   Magic number: 4:345:448
[    1.484328] acpi APP0001:00: hash matches
[    1.487774] rtc_cmos rtc_cmos: setting system clock to 2020-01-25 20:24:36 UTC (1579983876)
[    1.494739] BIOS EDD facility v0.16 2004-Jun-25, 0 devices found
[    1.499606] EDD information not available.
[    1.506810] Freeing unused kernel image memory: 2432K
[    1.525001] Write protecting the kernel read-only data: 20480k
[    1.531327] Freeing unused kernel image memory: 2008K
[    1.535445] Freeing unused kernel image memory: 1880K
[    1.545335] x86/mm: Checked W+X mappings: passed, no W+X pages found.
[    1.548000] x86/mm: Checking user space page tables
[    1.557068] x86/mm: Checked W+X mappings: passed, no W+X pages found.
Loading, please wait...
starting version 237
[    1.681265] e1000: Intel(R) PRO/1000 Network Driver - version 7.3.21-k8-NAPI
[    1.685250] e1000: Copyright (c) 1999-2006 Intel Corporation.
[    1.691535] Fusion MPT base driver 3.04.20
[    1.694006] Copyright (c) 1999-2008 LSI Corporation
[    1.710652] AVX2 version of gcm_enc/dec engaged.
[    1.713093] AES CTR mode by8 optimization enabled
[    1.728882] Fusion MPT SPI Host driver 3.04.20
[    1.887995] input: ImExPS/2 Generic Explorer Mouse as /devices/platform/i8042/serio1/input/input4
[    2.228915] e1000 0000:00:03.0 eth0: (PCI:33MHz:32-bit) 02:83:96:c1:64:f9
[    2.232604] e1000 0000:00:03.0 eth0: Intel(R) PRO/1000 Network Connection
[    2.237494] mptbase: ioc0: Initiating bringup
[    2.240756] e1000 0000:00:03.0 enp0s3: renamed from eth0
[    3.079005] ioc0: LSI53C1030 A0: Capabilities={Initiator}
[    4.042914] scsi host2: ioc0: LSI53C1030 A0, FwRev=00000000h, Ports=1, MaxQ=256, IRQ=20
[    4.896796] scsi 2:0:0:0: Direct-Access     VBOX     HARDDISK         1.0  PQ: 0 ANSI: 5
[    5.120606] scsi target2:0:0: Beginning Domain Validation
[    5.129393] scsi target2:0:0: Domain Validation skipping write tests
[    5.133236] scsi target2:0:0: Ending Domain Validation
[    5.135620] scsi target2:0:0: asynchronous
[    5.138566] scsi 2:0:1:0: Direct-Access     VBOX     HARDDISK         1.0  PQ: 0 ANSI: 5
[    5.797548] scsi target2:0:1: Beginning Domain Validation
[    5.803751] random: fast init done
[    5.807340] scsi target2:0:1: Domain Validation skipping write tests
[    5.810847] scsi target2:0:1: Ending Domain Validation
[    5.814204] scsi target2:0:1: asynchronous
[    5.823536] random: systemd-udevd: uninitialized urandom read (16 bytes read)
[    5.828003] random: systemd-udevd: uninitialized urandom read (16 bytes read)
[    5.833299] random: systemd-udevd: uninitialized urandom read (16 bytes read)
[    5.837029] sd 2:0:0:0: Attached scsi generic sg0 type 0
[    5.839632] sd 2:0:0:0: [sda] 20971520 512-byte logical blocks: (10.7 GB/10.0 GiB)
[    5.846029] sd 2:0:0:0: [sda] Write Protect is off
[    5.849947] sd 2:0:1:0: Attached scsi generic sg1 type 0
[    5.853507] sd 2:0:0:0: [sda] Incomplete mode parameter data
[    5.857123] sd 2:0:0:0: [sda] Assuming drive cache: write through
[    5.857204] sd 2:0:1:0: [sdb] 20480 512-byte logical blocks: (10.5 MB/10.0 MiB)
[    5.873565] sd 2:0:1:0: [sdb] Write Protect is off
[    5.875569]  sda: sda1
[    5.884360] sd 2:0:1:0: [sdb] Incomplete mode parameter data
[    5.887526] sd 2:0:0:0: [sda] Attached SCSI disk
[    5.893718] sd 2:0:1:0: [sdb] Assuming drive cache: write through
[    5.907733] sd 2:0:1:0: [sdb] Attached SCSI disk
Begin: Loading essential drivers ... [    7.577017] raid6: sse2x1   gen()  8280 MB/s
[    7.628435] raid6: sse2x1   xor()  5729 MB/s
[    7.682508] raid6: sse2x2   gen() 10704 MB/s
[    7.734766] raid6: sse2x2   xor()  6712 MB/s
[    7.784357] raid6: sse2x4   gen() 11110 MB/s
[    7.834046] raid6: sse2x4   xor()  7522 MB/s
[    7.884430] raid6: avx2x1   gen() 15909 MB/s
[    7.932318] raid6: avx2x1   xor() 10905 MB/s
[    7.986269] raid6: avx2x2   gen() 20963 MB/s
[    8.037141] raid6: avx2x2   xor() 10537 MB/s
[    8.084412] raid6: avx2x4   gen() 20629 MB/s
[    8.132587] raid6: avx2x4   xor() 13460 MB/s
[    8.134613] raid6: using algorithm avx2x2 gen() 20963 MB/s
[    8.137014] raid6: .... xor() 10537 MB/s, rmw enabled
[    8.139074] raid6: using avx2x2 recovery algorithm
[    8.142765] xor: automatically using best checksumming function   avx       
[    8.147664] async_tx: api initialized (async)
done.
Begin: Running /scripts/init-premount ... done.
Begin: Mounting root file system ... Begin: Running /scripts/local-top ... done.
Begin: Running /scripts/local-premount ... [    8.222682] Btrfs loaded, crc32c=crc32c-intel
Scanning for Btrfs filesystems
done.
Warning: fsck not present, so skipping root file system
[    8.276889] EXT4-fs (sda1): INFO: recovery required on readonly filesystem
[    8.280230] EXT4-fs (sda1): write access will be enabled during recovery
[    8.697945] EXT4-fs (sda1): recovery complete
[    8.704051] EXT4-fs (sda1): mounted filesystem with ordered data mode. Opts: (null)
done.
Begin: Running /scripts/local-bottom ... done.
Begin: Running /scripts/init-bottom ... done.
[    9.031869] ip_tables: (C) 2000-2006 Netfilter Core Team
[    9.051325] systemd[1]: systemd 237 running in system mode. (+PAM +AUDIT +SELINUX +IMA +APPARMOR +SMACK +SYSVINIT +UTMP +LIBCRYPTSETUP +GCRYPT +GNUTLS +ACL +XZ +LZ4 +SECCOMP +BLKID +ELFUTILS +KMOD -IDN2 +IDN -PCRE2 default-hierarchy=hybrid)
[    9.060600] systemd[1]: Detected virtualization oracle.
[    9.062895] systemd[1]: Detected architecture x86-64.

Welcome to [1mUbuntu 18.04.3 LTS[0m!

[    9.079138] systemd[1]: Set hostname to <ubuntu-bionic>.
[    9.629062] systemd[1]: Set up automount Arbitrary Executable File Formats File System Automount Point.
[[0;32m  OK  [0m] Set up automount Arbitrary Executab…rmats File System Automount Point.
[    9.637062] systemd[1]: Reached target Swap.
[[0;32m  OK  [0m] Reached target Swap.
[    9.640712] systemd[1]: Started Forward Password Requests to Wall Directory Watch.
[[0;32m  OK  [0m] Started Forward Password Requests to Wall Directory Watch.
[    9.646437] systemd[1]: Reached target User and Group Name Lookups.
[[0;32m  OK  [0m] Reached target User and Group Name Lookups.
[    9.651675] systemd[1]: Reached target System Time Synchronized.
[[0;32m  OK  [0m] Reached target System Time Synchronized.
[    9.660920] systemd[1]: Created slice User and Session Slice.
[[0;32m  OK  [0m] Created slice User and Session Slice.
[[0;32m  OK  [0m] Created slice System Slice.
[[0;32m  OK  [0m] Listening on LVM2 poll daemon socket.
[[0;32m  OK  [0m] Listening on Journal Socket.
         Starting Remount Root and Kernel File Systems...
[[0;32m  OK  [0m] Reached target Slices.
[[0;32m  OK  [0m] Listening on Syslog Socket.
         Starting Set the console keyboard layout...
[[0;32m  OK  [0m] Listening on LVM2 metadata daemon socket.
[[0;32m  OK  [0m[    9.694815] EXT4-fs (sda1): re-mounted. Opts: (null)
] Listening on Network Service Netlink Socket.
         Starting Create list of required st…ce nodes for the current kernel...
[[0;32m  OK  [0m] Listening on udev Kernel Socket.
         Mounting Huge Pages File System...
[[0;32m  OK  [0m] Listening on udev Control Socket.
[[0;32m  OK  [0m] Listening on Journal Audit Socket.
[[0;32m  OK  [0m] Created slice system-serial\x2dgetty.slice.
         Starting Uncomplicated firewall...
         Mounting Kernel Debug File System...
         Starting udev Coldplug all Devices...
[[0;32m  OK  [0m] Listening on Device-mapper event daemon FIFOs.
         Starting Monitoring of LVM2 mirrors…ng dmeventd or progress polling...
[[0;32m  OK  [0m] Listening on Journal Socket (/dev/log).
         Starting Journal Service...
         Starting Load Kernel Modules...
[[0;32m  OK  [0m] Listening on /dev/initctl Compatibility Named Pipe.
         Mounting POSIX Message Queue File System...
[[0;32m  OK  [0m] Started Remount Root and Kernel File Systems.
[[0;32m  OK  [0m] Started Create list of required sta…vice nodes for the current kernel.
[[0;32m  OK  [0m] Mounted Huge Pages File System.
[[0;32m  OK  [0m] Started Uncomplicated firewall.
[[0;32m  OK  [0m] Mounted Kernel Debug File System.
[[0;32m  OK  [0m] Mounted POSIX Message Queue File System.
         Starting Create Static Device Nodes in /dev...
[    9.881773] Loading iSCSI transport class v2.0-870.
         Starting Load/Save Random Seed...
[[0;32m  OK  [0m] Started LVM2 metadata daemon.
[[0;32m  OK  [0m] Started Load/Save Random Seed.
[    9.948773] iscsi: registered transport (tcp)
[[0;32m  OK  [0m] Started udev Coldplug all Devices.
[[0;32m  OK  [0m] Started Create Static Device Nodes in /dev.
         Starting udev Kernel Device Manager...
[[0;32m  OK  [0m] Started Journal Service.
         Starting Flush Journal to Persistent Storage...
[[0;32m  OK  [0m] Started Set the console keyboard layout.
[[0;32m  OK  [0m] Started Monitoring of LVM2 mirrors,…sing dmeventd or progress polling.
[[0;32m  OK  [0m] Reached target Local File Systems (Pre).
[[0;32m  OK  [0m] Reached target Local File Systems.
         Starting Tell Plymouth To Write Out Runtime Data...
         Starting AppArmor initialization...
         Starting ebtables ruleset management...
         Starting Set console font and keymap...
[[0;32m  OK  [0m] Started udev Kernel Device Manager.
[[0;32m  OK  [0m] Started Dispatch Password Requests to Console Directory Watch.
[[0;32m  OK  [0m] Reached target Local Encrypted Volumes.
[   10.134445] systemd-journald[395]: Received request to flush runtime journal from PID 1
[   10.155547] iscsi: registered transport (iser)
[[0;32m  OK  [0m] Started Load Kernel Modules.
         Mounting Kernel Configuration File System...
         Mounting FUSE Control File System...
         Starting Apply Kernel Variables...
[[0;32m  OK  [0m] Mounted Kernel Configuration File System.
[[0;32m  OK  [0m] Started Tell Plymouth To Write Out Runtime Data.
[[0;32m  OK  [0m] Mounted FUSE Control File System.
[[0;32m  OK  [0m] Started Set console font and keymap.
[[0;32m  OK  [0m] Started Apply Kernel Variables.
[[0;32m  OK  [0m] Started ebtables ruleset management.
[[0;32m  OK  [0m] Started Flush Journal to Persistent Storage.
         Starting Create Volatile Files and Directories...
[[0;32m  OK  [0m] Started Create Volatile Files and Directories.
         Starting Update UTMP about System Boot/Shutdown...
[[0;32m  OK  [0m] Started Update UTMP about System Boot/Shutdown.
[[0;32m  OK  [0m] Found device /dev/ttyS0.
[[0;32m  OK  [0m] Started AppArmor initialization.
         Starting Initial cloud-init job (pre-networking)...
[[0;32m  OK  [0m] Listening on Load/Save RF Kill Switch Status /dev/rfkill Watch.
[   14.731695] cloud-init[505]: Cloud-init v. 19.2-36-g059d049c-0ubuntu2~18.04.1 running 'init-local' at Sat, 25 Jan 2020 20:24:49 +0000. Up 14.22 seconds.
[[0;32m  OK  [0m] Started Initial cloud-init job (pre-networking).
[[0;32m  OK  [0m] Reached target Network (Pre).
         Starting Network Service...
[[0;32m  OK  [0m] Started Network Service.
         Starting Wait for Network to be Configured...
         Starting Network Name Resolution...
[[0;32m  OK  [0m] Started Network Name Resolution.
[[0;32m  OK  [0m] Reached target Network.
[[0;32m  OK  [0m] Reached target Host and Network Name Lookups.
[[0;32m  OK  [0m] Started Wait for Network to be Configured.
         Starting Initial cloud-init job (metadata service crawler)...
[   19.121784] cloud-init[643]: Cloud-init v. 19.2-36-g059d049c-0ubuntu2~18.04.1 running 'init' at Sat, 25 Jan 2020 20:24:53 +0000. Up 18.39 seconds.
[   19.146709] cloud-init[643]: ci-info: ++++++++++++++++++++++++++++++++++++++Net device info++++++++++++++++++++++++++++++++++++++
[   19.158093] cloud-init[643]: ci-info: +--------+------+----------------------------+---------------+--------+-------------------+
[   19.177219] cloud-init[643]: ci-info: | Device |  Up  |          Address           |      Mask     | Scope  |     Hw-Address    |
[   19.189638] cloud-init[643]: ci-info: +--------+------+----------------------------+---------------+--------+-------------------+
[   19.198252] cloud-init[643]: ci-info: | enp0s3 | True |         10.0.2.15          | 255.255.255.0 | global | 02:83:96:c1:64:f9 |
[   19.207620] cloud-init[643]: ci-info: | enp0s3 | True | fe80::83:96ff:fec1:64f9/64 |       .       |  link  | 02:83:96:c1:64:f9 |
[   19.232743] cloud-init[643]: ci-info: |   lo   | True |         127.0.0.1          |   255.0.0.0   |  host  |         .         |
[   19.263468] cloud-init[643]: ci-info: |   lo   | True |          ::1/128           |       .       |  host  |         .         |
[   19.282391] cloud-init[643]: ci-info: +--------+------+----------------------------+---------------+--------+-------------------+
[   19.287200] cloud-init[643]: ci-info: ++++++++++++++++++++++++++++Route IPv4 info+++++++++++++++++++++++++++++
[   19.291976] cloud-init[643]: ci-info: +-------+-------------+----------+-----------------+-----------+-------+
[   19.298109] cloud-init[643]: ci-info: | Route | Destination | Gateway  |     Genmask     | Interface | Flags |
[   19.306374] cloud-init[643]: ci-info: +-------+-------------+----------+-----------------+-----------+-------+
[   19.319376] cloud-init[643]: ci-info: |   0   |   0.0.0.0   | 10.0.2.2 |     0.0.0.0     |   enp0s3  |   UG  |
[   19.328711] cloud-init[643]: ci-info: |   1   |   10.0.2.0  | 0.0.0.0  |  255.255.255.0  |   enp0s3  |   U   |
[   19.336841] cloud-init[643]: ci-info: |   2   |   10.0.2.2  | 0.0.0.0  | 255.255.255.255 |   enp0s3  |   UH  |
[   19.345369] cloud-init[643]: ci-info: +-------+-------------+----------+-----------------+-----------+-------+
[   19.349206] cloud-init[643]: ci-info: +++++++++++++++++++Route IPv6 info+++++++++++++++++++
[   19.355747] cloud-init[643]: ci-info: +-------+-------------+---------+-----------+-------+
[   19.359129] cloud-init[643]: ci-info: | Route | Destination | Gateway | Interface | Flags |
[   19.364232] cloud-init[643]: ci-info: +-------+-------------+---------+-----------+-------+
[   19.380446] cloud-init[643]: ci-info: |   1   |  fe80::/64  |    ::   |   enp0s3  |   U   |
[   19.389758] cloud-init[643]: ci-info: |   3   |    local    |    ::   |   enp0s3  |   U   |
[   19.395170] cloud-init[643]: ci-info: |   4   |   ff00::/8  |    ::   |   enp0s3  |   U   |
[   19.399034] cloud-init[643]: ci-info: +-------+-------------+---------+-----------+-------+
[[0;32m  OK  [0m] Started Initial cloud-init job (metadata service crawler).
[[0;32m  OK  [0m] Reached target System Initialization.
[[0;32m  OK  [0m] Started Daily apt upgrade and clean activities.
[[0;32m  OK  [0m] Started Daily Cleanup of Temporary Directories.
         Starting Socket activation for snappy daemon.
[[0;32m  OK  [0m] Listening on Open-iSCSI iscsid Socket.
[[0;32m  OK  [0m] Started Discard unused blocks once a week.
[[0;32m  OK  [0m] Listening on ACPID Listen Socket.
         Starting LXD - unix socket.
[[0;32m  OK  [0m] Listening on D-Bus System Message Bus Socket.
[[0;32m  OK  [0m] Started Message of the Day.
[[0;32m  OK  [0m] Reached target Timers.
[[0;32m  OK  [0m] Listening on UUID daemon activation socket.
[[0;32m  OK  [0m] Started ACPI Events Check.
[[0;32m  OK  [0m] Reached target Paths.
[[0;32m  OK  [0m] Reached target Network is Online.
[[0;32m  OK  [0m] Reached target Remote File Systems (Pre).
[[0;32m  OK  [0m] Reached target Remote File Systems.
         Starting Availability of block devices...
[[0;32m  OK  [0m] Reached target Cloud-config availability.
[[0;32m  OK  [0m] Listening on Socket activation for snappy daemon.
[[0;32m  OK  [0m] Listening on LXD - unix socket.
[[0;32m  OK  [0m] Started Availability of block devices.
[[0;32m  OK  [0m] Reached target Sockets.
[[0;32m  OK  [0m] Reached target Basic System.
         Starting System Logging Service...
[[0;32m  OK  [0m] Started Deferred execution scheduler.
         Starting Dispatcher daemon for systemd-networkd...
         Starting Message of the Day...
[[0;32m  OK  [0m] Started irqbalance daemon.
         Starting Daily apt upgrade and clean activities...
         Starting LXD - container startup/shutdown...
         Starting OpenBSD Secure Shell server...
[[0;32m  OK  [0m] Started D-Bus System Message Bus.
         Starting LSB: Record successful boot for GRUB...
         Starting Permit User Sessions...
         Starting LSB: automatic crash report generation...
         Starting Virtualbox guest utils...
[[0;32m  OK  [0m] Started FUSE filesystem for LXC.
         Starting Login Service...
         Starting Accounts Service...
[[0;32m  OK  [0m] Started Regular background program processing daemon.
         Starting Snappy daemon...
[[0;32m  OK  [0m] Started System Logging Service.
[[0;32m  OK  [0m] Started Permit User Sessions.
         Starting Terminate Plymouth Boot Screen...
         Starting Hold until boot process finishes up...
[[0;32m  OK  [0m] Started Hold until boot process finishes up.
[[0;32m  OK  [0m] Started Terminate Plymouth Boot Screen.
         Starting Set console scheme...
[[0;32m  OK  [0m] Started Serial Getty on ttyS0.
[[0;32m  OK  [0m] Started OpenBSD Secure Shell server.
[[0;32m  OK  [0m] Started Set console scheme.
[[0;32m  OK  [0m] Created slice system-getty.slice.
[[0;32m  OK  [0m] Started Getty on tty1.
[[0;32m  OK  [0m] Reached target Login Prompts.
[[0;32m  OK  [0m] Started LSB: automatic crash report generation.
[[0;32m  OK  [0m] Started LSB: Record successful boot for GRUB.
         Starting Authorization Manager...
[[0;32m  OK  [0m] Started LXD - container startup/shutdown.
[[0;32m  OK  [0m] Started Login Service.
[[0;32m  OK  [0m] Started Unattended Upgrades Shutdown.
[[0;32m  OK  [0m] Started Authorization Manager.
[[0;32m  OK  [0m] Started Accounts Service.
[[0;32m  OK  [0m] Started Virtualbox guest utils.
[[0;32m  OK  [0m] Started Dispatcher daemon for systemd-networkd.
[[0;32m  OK  [0m] Started Snappy daemon.
         Starting Wait until snapd is fully seeded...
[[0;32m  OK  [0m] Started Wait until snapd is fully seeded.
         Starting Apply the settings specified in cloud-config...
[[0;32m  OK  [0m] Reached target Multi-User System.
[[0;32m  OK  [0m] Reached target Graphical Interface.
         Starting Update UTMP about System Runlevel Changes...
[[0;32m  OK  [0m] Started Update UTMP about System Runlevel Changes.
[[0;32m  OK  [0m] Created slice User Slice of vagrant.
         Starting User Manager for UID 1000...
[[0;32m  OK  [0m] Started Session 1 of user vagrant.
[[0;32m  OK  [0m] Started User Manager for UID 1000.
[   26.963204] cloud-init[978]: Cloud-init v. 19.2-36-g059d049c-0ubuntu2~18.04.1 running 'modules:config' at Sat, 25 Jan 2020 20:25:01 +0000. Up 26.55 seconds.

Ubuntu 18.04.3 LTS ubuntu-bionic ttyS0

ubuntu-bionic login: [   31.599848] cloud-init[1099]: Cloud-init v. 19.2-36-g059d049c-0ubuntu2~18.04.1 running 'modules:final' at Sat, 25 Jan 2020 20:25:05 +0000. Up 30.22 seconds.
[   31.603207] cloud-init[1099]: Cloud-init v. 19.2-36-g059d049c-0ubuntu2~18.04.1 finished at Sat, 25 Jan 2020 20:25:06 +0000. Datasource DataSourceNoCloud [seed=/dev/sdb][dsmode=net].  Up 31.58 seconds
